[19-Sep-2023 13:30:25 Asia/Taipei] PHP Notice:  Undefined index: Pswd in C:\nginx\html\checkmember\index.php on line 6
[20-Sep-2023 01:28:38 Asia/Taipei] PHP Notice:  Undefined index: Uname in C:\nginx\html\checkmember\index.php on line 5
[20-Sep-2023 01:28:38 Asia/Taipei] PHP Notice:  Undefined index: Pswd in C:\nginx\html\checkmember\index.php on line 6
[20-Sep-2023 01:28:41 Asia/Taipei] PHP Notice:  Undefined index: Uname in C:\nginx\html\checkmember\index.php on line 5
[20-Sep-2023 01:28:41 Asia/Taipei] PHP Notice:  Undefined index: Pswd in C:\nginx\html\checkmember\index.php on line 6
[20-Sep-2023 13:39:52 Asia/Taipei] PHP Notice:  Undefined index: Uname in C:\nginx\html\checkmember\index.php on line 5
[20-Sep-2023 13:39:52 Asia/Taipei] PHP Notice:  Undefined index: Pswd in C:\nginx\html\checkmember\index.php on line 6
[21-Sep-2023 07:26:45 Asia/Taipei] PHP Notice:  Undefined index: Uname in C:\nginx\html\checkmember\index.php on line 5
[21-Sep-2023 07:26:45 Asia/Taipei] PHP Notice:  Undefined index: Pswd in C:\nginx\html\checkmember\index.php on line 6
[21-Sep-2023 07:26:47 Asia/Taipei] PHP Notice:  Undefined index: Uname in C:\nginx\html\checkmember\index.php on line 5
[21-Sep-2023 07:26:47 Asia/Taipei] PHP Notice:  Undefined index: Pswd in C:\nginx\html\checkmember\index.php on line 6
[27-Sep-2023 08:39:09 Asia/Taipei] PHP Parse error:  syntax error, unexpected '}', expecting end of file in C:\nginx\html\mysql_connect_wr.php on line 11
[02-Oct-2023 15:08:12 Asia/Taipei] PHP Notice:  Undefined index: Uname in C:\nginx\html\checkmember\index.php on line 5
[02-Oct-2023 15:08:12 Asia/Taipei] PHP Notice:  Undefined index: Pswd in C:\nginx\html\checkmember\index.php on line 6
[06-Oct-2023 18:29:43 Asia/Taipei] PHP Notice:  Undefined index: Uname in C:\nginx\html\checkmember\index.php on line 5
[06-Oct-2023 18:29:43 Asia/Taipei] PHP Notice:  Undefined index: Pswd in C:\nginx\html\checkmember\index.php on line 6
[06-Oct-2023 19:39:11 Asia/Taipei] PHP Notice:  Undefined index: Uname in C:\nginx\html\checkmember\index.php on line 5
[06-Oct-2023 19:39:11 Asia/Taipei] PHP Notice:  Undefined index: Pswd in C:\nginx\html\checkmember\index.php on line 6
[07-Oct-2023 02:02:50 Asia/Taipei] PHP Notice:  Undefined index: Uname in C:\nginx\html\checkmember\index.php on line 5
[07-Oct-2023 02:02:50 Asia/Taipei] PHP Notice:  Undefined index: Pswd in C:\nginx\html\checkmember\index.php on line 6
[07-Oct-2023 02:02:53 Asia/Taipei] PHP Notice:  Undefined index: Uname in C:\nginx\html\checkmember\index.php on line 5
[07-Oct-2023 02:02:53 Asia/Taipei] PHP Notice:  Undefined index: Pswd in C:\nginx\html\checkmember\index.php on line 6
[10-Oct-2023 15:59:17 Asia/Taipei] PHP Notice:  Undefined index: Uname in C:\nginx\html\checkmember\index.php on line 5
[10-Oct-2023 15:59:17 Asia/Taipei] PHP Notice:  Undefined index: Pswd in C:\nginx\html\checkmember\index.php on line 6
[10-Oct-2023 15:59:36 Asia/Taipei] PHP Notice:  Undefined index: Uname in C:\nginx\html\checkmember\index.php on line 5
[10-Oct-2023 15:59:36 Asia/Taipei] PHP Notice:  Undefined index: Pswd in C:\nginx\html\checkmember\index.php on line 6
[10-Oct-2023 16:00:00 Asia/Taipei] PHP Notice:  Undefined index: Uname in C:\nginx\html\checkmember\index.php on line 5
[10-Oct-2023 16:00:00 Asia/Taipei] PHP Notice:  Undefined index: Pswd in C:\nginx\html\checkmember\index.php on line 6
[10-Oct-2023 16:00:03 Asia/Taipei] PHP Notice:  Undefined index: Uname in C:\nginx\html\checkmember\index.php on line 5
[10-Oct-2023 16:00:03 Asia/Taipei] PHP Notice:  Undefined index: Pswd in C:\nginx\html\checkmember\index.php on line 6
